<?xml version="1.0" encoding="UTF-8"?>
<testng-results ignored="0" total="1" passed="1" failed="0" skipped="0">
  <reporter-output>
  </reporter-output>
  <suite started-at="2023-11-29T23:55:38 IST" name="Default suite" finished-at="2023-11-29T23:55:38 IST" duration-ms="40">
    <groups>
    </groups>
    <test started-at="2023-11-29T23:55:38 IST" name="Default test" finished-at="2023-11-29T23:55:38 IST" duration-ms="40">
      <class name="PS1">
        <test-method is-config="true" signature="beforeRun()[pri:0, instance:PS1@5fd4f8f5]" started-at="2023-11-29T23:55:38 IST" name="beforeRun" finished-at="2023-11-29T23:55:38 IST" duration-ms="3" status="PASS">
          <reporter-output>
          </reporter-output>
        </test-method> <!-- beforeRun -->
        <test-method signature="testRun()[pri:0, instance:PS1@5fd4f8f5]" started-at="2023-11-29T23:55:38 IST" name="testRun" finished-at="2023-11-29T23:55:38 IST" duration-ms="7" status="PASS">
          <reporter-output>
          </reporter-output>
        </test-method> <!-- testRun -->
        <test-method is-config="true" signature="AfterRun()[pri:0, instance:PS1@5fd4f8f5]" started-at="2023-11-29T23:55:38 IST" name="AfterRun" finished-at="2023-11-29T23:55:38 IST" duration-ms="0" status="PASS">
          <reporter-output>
          </reporter-output>
        </test-method> <!-- AfterRun -->
      </class> <!-- PS1 -->
    </test> <!-- Default test -->
  </suite> <!-- Default suite -->
</testng-results>
