<?xml version="1.0" encoding="UTF-8"?>
<testng-results ignored="0" total="1" passed="1" failed="0" skipped="0">
  <reporter-output>
  </reporter-output>
  <suite started-at="2024-02-24T11:58:42 IST" name="Suite" finished-at="2024-02-24T11:59:01 IST" duration-ms="18997">
    <groups>
    </groups>
    <test started-at="2024-02-24T11:58:42 IST" name="Test" finished-at="2024-02-24T11:59:01 IST" duration-ms="18997">
      <class name="KartheekAppikatla.tests.SubmitOrderTest">
        <test-method signature="SubmitOrder()[pri:0, instance:KartheekAppikatla.tests.SubmitOrderTest@35645047]" started-at="2024-02-24T11:58:42 IST" name="SubmitOrder" finished-at="2024-02-24T11:59:01 IST" duration-ms="18940" status="PASS">
          <reporter-output>
          </reporter-output>
        </test-method> <!-- SubmitOrder -->
      </class> <!-- KartheekAppikatla.tests.SubmitOrderTest -->
    </test> <!-- Test -->
  </suite> <!-- Suite -->
</testng-results>
